<?xml version="1.0" encoding="UTF-8"?>
<!-- Generated by org.testng.reporters.JUnitReportReporter -->
<testsuite skipped="1" hostname="TP5VDIDEVTCM623" name="testNgMavenExample.TestNgMavenExampleTest" tests="2" failures="0" timestamp="15 Jul 2019 09:00:37 GMT" time="10.729" errors="0">
  <testcase name="testChromeSearch" time="10.729" classname="testNgMavenExample.TestNgMavenExampleTest"/>
  <testcase name="createChangeRequest" classname="testNgMavenExample.TestNgMavenExampleTest">
    <skipped/>
  </testcase> <!-- createChangeRequest -->
</testsuite> <!-- testNgMavenExample.TestNgMavenExampleTest -->
