<?xml version="1.0" encoding="UTF-8"?>
<!-- Generated by org.testng.reporters.JUnitReportReporter -->
<testsuite skipped="0" hostname="TP5VDIDEVTCM623" name="testNgMavenExample.TestNgMavenExampleTest" tests="1" failures="0" timestamp="16 Jul 2019 11:16:46 GMT" time="12.521" errors="0">
  <testcase name="testChromeSearch" time="12.521" classname="testNgMavenExample.TestNgMavenExampleTest"/>
</testsuite> <!-- testNgMavenExample.TestNgMavenExampleTest -->
