<?xml version="1.0" encoding="UTF-8"?>
<!-- Generated by org.testng.reporters.JUnitReportReporter -->
<testsuite skipped="0" hostname="TP5VDIDEVTCM623" name="testNgMavenExample.TestNgMavenExampleTest" tests="1" failures="0" timestamp="10 Jul 2019 10:31:40 GMT" time="55.026" errors="0">
  <testcase name="createChangeRequest" time="55.026" classname="testNgMavenExample.TestNgMavenExampleTest"/>
</testsuite> <!-- testNgMavenExample.TestNgMavenExampleTest -->
