<?xml version="1.0" encoding="UTF-8"?>
<!-- Generated by org.testng.reporters.JUnitReportReporter -->
<testsuite hostname="TP5VDIDEVTCM623" name="testNgMavenExample.TestNgMavenExampleTest" tests="2" failures="0" timestamp="10 Jul 2019 10:39:36 GMT" time="123.876" errors="0">
  <testcase name="f" time="55.991" classname="testNgMavenExample.TestNgMavenExampleTest"/>
  <testcase name="createChangeRequest" time="67.885" classname="testNgMavenExample.TestNgMavenExampleTest"/>
</testsuite> <!-- testNgMavenExample.TestNgMavenExampleTest -->
