<?xml version="1.0" encoding="UTF-8"?>
<!-- Generated by org.testng.reporters.JUnitReportReporter -->
<testsuite hostname="TP5VDIDEVTCM623" name="testNgMavenExample.TestNgMavenExampleTest" tests="1" failures="0" timestamp="15 Jul 2019 09:53:01 GMT" time="12.375" errors="0">
  <testcase name="testChromeSearch" time="12.375" classname="testNgMavenExample.TestNgMavenExampleTest"/>
</testsuite> <!-- testNgMavenExample.TestNgMavenExampleTest -->
